<?xml version="1.0" encoding="UTF-8"?>
<!-- Generated by org.testng.reporters.JUnitReportReporter -->
<testsuite skipped="0" hostname="Lenovo" name="Jenkins.JenkinsClass" tests="1" failures="0" timestamp="03 Oct 2018 16:04:41 GMT" time="13.778" errors="0">
  <testcase name="Login" time="13.778" classname="Jenkins.JenkinsClass"/>
</testsuite> <!-- Jenkins.JenkinsClass -->
